2026-06-21 13:14:56,311 INFO Face detection starting (camera_index=0)
2026-06-21 13:17:30,519 INFO Face detection starting (camera_index=0)
2026-06-21 13:17:34,370 INFO Frame 1: detected 0 faces
2026-06-21 13:17:34,381 INFO Stop event received, exiting detection loop
2026-06-21 13:17:34,775 INFO Face detection stopped
2026-06-21 13:54:14,987 INFO Face detection starting (camera_index=0)
2026-06-21 13:54:18,509 INFO Frame 1: detected 0 faces
2026-06-21 13:54:19,545 INFO Frame 22: detected 0 faces
2026-06-21 13:54:20,587 INFO Frame 43: detected 0 faces
2026-06-21 13:54:21,604 INFO Frame 63: detected 0 faces
2026-06-21 13:54:22,616 INFO Frame 83: detected 0 faces
2026-06-21 13:54:23,626 INFO Frame 105: detected 0 faces
2026-06-21 13:54:24,631 INFO Frame 129: detected 0 faces
2026-06-21 13:54:25,661 INFO Frame 151: detected 0 faces
2026-06-21 13:54:26,667 INFO Frame 174: detected 0 faces
2026-06-21 13:54:27,713 INFO Frame 197: detected 0 faces
2026-06-21 13:54:28,726 INFO Frame 220: detected 0 faces
2026-06-21 13:54:29,744 INFO Frame 243: detected 0 faces
2026-06-21 13:54:30,769 INFO Frame 267: detected 0 faces
2026-06-21 13:54:31,779 INFO Frame 287: detected 0 faces
2026-06-21 13:54:32,792 INFO Frame 309: detected 0 faces
2026-06-21 13:54:33,818 INFO Frame 331: detected 0 faces
2026-06-21 13:54:34,852 INFO Frame 355: detected 0 faces
2026-06-21 13:54:35,855 INFO Frame 380: detected 0 faces
2026-06-21 13:54:36,901 INFO Frame 403: detected 1 faces
2026-06-21 13:54:37,918 INFO Frame 428: detected 1 faces
2026-06-21 13:54:38,930 INFO Frame 452: detected 1 faces
2026-06-21 13:54:39,931 INFO Frame 475: detected 1 faces
2026-06-21 13:54:40,955 INFO Frame 499: detected 0 faces
2026-06-21 13:54:41,974 INFO Frame 526: detected 0 faces
2026-06-21 13:54:43,005 INFO Frame 550: detected 0 faces
2026-06-21 13:54:44,018 INFO Frame 573: detected 0 faces
2026-06-21 13:54:45,018 INFO Frame 596: detected 0 faces
2026-06-21 13:54:46,023 INFO Frame 620: detected 0 faces
2026-06-21 13:54:47,029 INFO Frame 645: detected 0 faces
2026-06-21 13:54:48,034 INFO Frame 673: detected 0 faces
2026-06-21 13:54:49,083 INFO Frame 691: detected 0 faces
2026-06-21 13:54:50,097 INFO Frame 710: detected 0 faces
2026-06-21 13:54:51,101 INFO Frame 730: detected 0 faces
2026-06-21 13:54:52,145 INFO Frame 749: detected 0 faces
2026-06-21 13:54:53,198 INFO Frame 770: detected 0 faces
2026-06-21 13:54:54,202 INFO Frame 788: detected 0 faces
2026-06-21 13:54:55,206 INFO Frame 808: detected 0 faces
2026-06-21 13:54:56,242 INFO Frame 828: detected 0 faces
2026-06-21 13:54:57,293 INFO Frame 846: detected 1 faces
2026-06-21 13:54:58,328 INFO Frame 866: detected 0 faces
2026-06-21 13:54:59,342 INFO Frame 884: detected 0 faces
2026-06-21 13:55:00,343 INFO Frame 904: detected 0 faces
2026-06-21 13:55:01,385 INFO Frame 924: detected 0 faces
2026-06-21 13:55:02,393 INFO Frame 943: detected 0 faces
2026-06-21 13:55:03,414 INFO Frame 964: detected 1 faces
2026-06-21 13:55:04,440 INFO Frame 989: detected 0 faces
2026-06-21 13:55:05,471 INFO Frame 1015: detected 0 faces
2026-06-21 13:55:06,492 INFO Frame 1042: detected 0 faces
2026-06-21 13:55:07,500 INFO Frame 1068: detected 1 faces
2026-06-21 13:55:08,504 INFO Frame 1092: detected 0 faces
2026-06-21 13:55:09,649 INFO Frame 1108: detected 0 faces
2026-06-21 13:55:10,669 INFO Frame 1132: detected 0 faces
2026-06-21 13:55:11,689 INFO Frame 1150: detected 1 faces
2026-06-21 13:55:12,702 INFO Frame 1166: detected 1 faces
2026-06-21 13:55:13,723 INFO Frame 1185: detected 0 faces
2026-06-21 13:55:14,736 INFO Frame 1210: detected 1 faces
2026-06-21 13:55:15,748 INFO Frame 1223: detected 0 faces
2026-06-21 13:55:16,753 INFO Frame 1244: detected 1 faces
2026-06-21 13:55:17,813 INFO Frame 1261: detected 1 faces
2026-06-21 13:55:18,827 INFO Frame 1278: detected 1 faces
2026-06-21 13:55:19,853 INFO Frame 1300: detected 0 faces
2026-06-21 13:55:20,868 INFO Frame 1319: detected 0 faces
2026-06-21 13:55:21,893 INFO Frame 1339: detected 1 faces
2026-06-21 13:55:22,894 INFO Frame 1359: detected 1 faces
2026-06-21 13:55:23,920 INFO Frame 1379: detected 1 faces
2026-06-21 13:55:24,976 INFO Frame 1394: detected 0 faces
2026-06-21 13:55:26,223 INFO Frame 1403: detected 0 faces
2026-06-21 13:55:27,237 INFO Frame 1412: detected 0 faces
2026-06-21 13:55:28,247 INFO Frame 1422: detected 0 faces
2026-06-21 13:55:29,277 INFO Frame 1434: detected 1 faces
2026-06-21 13:55:29,704 INFO Face detection starting (camera_index=0)
2026-06-21 13:55:30,475 INFO Frame 1444: detected 1 faces
2026-06-21 13:55:31,483 WARNING Camera read failed or returned empty frame
2026-06-21 13:55:31,494 INFO Face detection stopped
2026-06-21 13:55:31,496 INFO Frame 1454: detected 1 faces
2026-06-21 13:55:32,513 INFO Frame 1469: detected 0 faces
2026-06-21 13:55:33,570 INFO Frame 1494: detected 1 faces
2026-06-21 13:55:34,603 INFO Frame 1521: detected 1 faces
2026-06-21 13:55:35,637 INFO Frame 1546: detected 0 faces
2026-06-21 13:55:36,674 INFO Frame 1566: detected 0 faces
2026-06-21 13:55:37,695 INFO Frame 1589: detected 1 faces
2026-06-21 13:55:38,725 INFO Frame 1607: detected 1 faces
2026-06-21 13:55:39,770 INFO Frame 1629: detected 1 faces
2026-06-21 13:55:40,790 INFO Frame 1654: detected 0 faces
2026-06-21 13:55:41,793 INFO Frame 1679: detected 1 faces
2026-06-21 13:55:42,860 INFO Frame 1694: detected 0 faces
2026-06-21 13:55:43,885 INFO Frame 1714: detected 0 faces
2026-06-21 13:55:44,919 INFO Frame 1734: detected 0 faces
2026-06-21 13:55:45,959 INFO Frame 1753: detected 0 faces
2026-06-21 13:55:47,013 INFO Frame 1774: detected 0 faces
2026-06-21 13:55:48,023 INFO Frame 1793: detected 1 faces
2026-06-21 13:55:49,043 INFO Frame 1812: detected 0 faces
2026-06-21 13:55:50,044 INFO Frame 1829: detected 0 faces
2026-06-21 13:55:51,075 INFO Frame 1850: detected 0 faces
2026-06-21 13:55:53,638 INFO Frame 1868: detected 1 faces
2026-06-21 13:55:54,691 INFO Frame 1887: detected 0 faces
2026-06-21 13:55:55,781 INFO Frame 1908: detected 0 faces
2026-06-21 13:55:56,790 INFO Frame 1929: detected 0 faces
2026-06-21 13:55:57,867 INFO Frame 1950: detected 0 faces
2026-06-21 13:55:58,907 INFO Frame 1971: detected 0 faces
2026-06-21 13:55:59,917 INFO Frame 1992: detected 0 faces
2026-06-21 13:56:00,945 INFO Frame 2013: detected 0 faces
2026-06-21 13:56:01,948 INFO Frame 2034: detected 0 faces
2026-06-21 13:56:02,978 INFO Frame 2056: detected 1 faces
2026-06-21 13:56:03,995 INFO Frame 2076: detected 0 faces
2026-06-21 13:56:05,013 INFO Frame 2095: detected 0 faces
2026-06-21 13:56:06,056 INFO Frame 2117: detected 0 faces
2026-06-21 13:56:07,260 INFO Frame 2138: detected 0 faces
2026-06-21 13:56:08,305 INFO Frame 2160: detected 1 faces
2026-06-21 13:56:09,321 INFO Frame 2186: detected 1 faces
2026-06-21 13:56:10,343 INFO Frame 2203: detected 0 faces
2026-06-21 13:56:11,400 INFO Frame 2220: detected 0 faces
2026-06-21 13:56:12,439 INFO Frame 2240: detected 0 faces
2026-06-21 13:56:13,488 INFO Frame 2258: detected 0 faces
2026-06-21 13:56:14,514 INFO Frame 2278: detected 0 faces
2026-06-21 13:56:15,549 INFO Frame 2296: detected 0 faces
2026-06-21 13:56:16,584 INFO Frame 2317: detected 0 faces
2026-06-21 13:56:17,651 INFO Frame 2337: detected 0 faces
2026-06-21 13:56:18,686 INFO Frame 2359: detected 0 faces
2026-06-21 13:56:19,707 INFO Frame 2379: detected 0 faces
2026-06-21 13:56:20,747 INFO Frame 2401: detected 0 faces
2026-06-21 13:56:21,768 INFO Frame 2417: detected 0 faces
2026-06-21 13:56:22,774 INFO Frame 2436: detected 0 faces
2026-06-21 13:56:23,810 INFO Frame 2456: detected 0 faces
2026-06-21 13:56:24,826 INFO Frame 2476: detected 0 faces
2026-06-21 13:56:25,844 INFO Frame 2496: detected 0 faces
2026-06-21 13:56:26,908 INFO Frame 2510: detected 0 faces
2026-06-21 13:56:27,952 INFO Frame 2531: detected 0 faces
2026-06-21 13:56:29,036 INFO Frame 2551: detected 0 faces
2026-06-21 13:56:30,039 INFO Frame 2569: detected 0 faces
2026-06-21 13:56:31,049 INFO Frame 2589: detected 0 faces
2026-06-21 13:56:32,055 INFO Frame 2608: detected 0 faces
2026-06-21 13:56:33,151 INFO Frame 2629: detected 0 faces
2026-06-21 13:56:34,187 INFO Frame 2649: detected 0 faces
2026-06-21 13:56:35,230 INFO Frame 2671: detected 0 faces
2026-06-21 13:56:36,262 INFO Frame 2692: detected 0 faces
2026-06-21 13:56:37,281 INFO Frame 2713: detected 1 faces
2026-06-21 13:56:38,326 INFO Frame 2734: detected 0 faces
2026-06-21 13:56:39,329 INFO Frame 2755: detected 0 faces
2026-06-21 13:56:40,331 INFO Frame 2775: detected 0 faces
2026-06-21 13:56:41,340 INFO Frame 2797: detected 0 faces
2026-06-21 13:56:42,353 INFO Frame 2816: detected 0 faces
2026-06-21 13:56:43,383 INFO Frame 2838: detected 0 faces
2026-06-21 13:56:44,394 INFO Frame 2856: detected 0 faces
2026-06-21 13:56:45,427 INFO Frame 2877: detected 0 faces
2026-06-21 13:56:46,454 INFO Frame 2896: detected 0 faces
2026-06-21 13:56:47,476 INFO Frame 2917: detected 0 faces
2026-06-21 13:56:48,488 INFO Frame 2935: detected 1 faces
2026-06-21 13:56:49,532 INFO Frame 2955: detected 1 faces
2026-06-21 14:06:36,173 INFO Face detection starting (camera_index=0)
2026-06-21 14:06:40,103 INFO Frame 1: detected 0 faces
2026-06-21 14:06:40,114 INFO Stop event received, exiting detection loop
2026-06-21 14:06:40,522 INFO Face detection stopped
